<?xml version="1.0" encoding="UTF-8"?>
<coverage generated="1541279420500" clover="3.2.0">
  <project timestamp="1541279420501" name="All files">
    <metrics statements="38" coveredstatements="33" conditionals="4" coveredconditionals="2" methods="16" coveredmethods="12" elements="58" coveredelements="47" complexity="0" loc="38" ncloc="38" packages="1" files="4" classes="4">
      <file name="App.jsx" path="/Users/seanghazvini/HRSF105/FEC/Sizing-Cart-Shipping_Service/client/src/components/App.jsx">
        <metrics statements="25" coveredstatements="21" conditionals="0" coveredconditionals="0" methods="9" coveredmethods="7"/>
        <line num="6" count="1" type="stmt"/>
        <line num="10" count="0" type="stmt"/>
        <line num="14" count="2" type="stmt"/>
        <line num="16" count="2" type="stmt"/>
        <line num="25" count="2" type="stmt"/>
        <line num="29" count="2" type="stmt"/>
        <line num="30" count="2" type="stmt"/>
        <line num="34" count="2" type="stmt"/>
        <line num="35" count="2" type="stmt"/>
        <line num="37" count="2" type="stmt"/>
        <line num="38" count="2" type="stmt"/>
        <line num="39" count="2" type="stmt"/>
        <line num="44" count="2" type="stmt"/>
        <line num="45" count="2" type="stmt"/>
        <line num="47" count="2" type="stmt"/>
        <line num="48" count="2" type="stmt"/>
        <line num="54" count="0" type="stmt"/>
        <line num="55" count="0" type="stmt"/>
        <line num="56" count="0" type="stmt"/>
        <line num="62" count="6" type="stmt"/>
        <line num="63" count="6" type="stmt"/>
        <line num="64" count="6" type="stmt"/>
        <line num="65" count="6" type="stmt"/>
        <line num="66" count="6" type="stmt"/>
        <line num="67" count="6" type="stmt"/>
      </file>
      <file name="Description.jsx" path="/Users/seanghazvini/HRSF105/FEC/Sizing-Cart-Shipping_Service/client/src/components/Description.jsx">
        <metrics statements="3" coveredstatements="3" conditionals="0" coveredconditionals="0" methods="1" coveredmethods="1"/>
        <line num="5" count="1" type="stmt"/>
        <line num="6" count="4" type="stmt"/>
        <line num="17" count="1" type="stmt"/>
      </file>
      <file name="Row.jsx" path="/Users/seanghazvini/HRSF105/FEC/Sizing-Cart-Shipping_Service/client/src/components/Row.jsx">
        <metrics statements="4" coveredstatements="4" conditionals="4" coveredconditionals="2" methods="3" coveredmethods="2"/>
        <line num="4" count="1" type="stmt"/>
        <line num="7" count="13" type="stmt"/>
        <line num="9" count="54" type="cond" truecount="2" falsecount="2"/>
        <line num="20" count="1" type="stmt"/>
      </file>
      <file name="Sizes.jsx" path="/Users/seanghazvini/HRSF105/FEC/Sizing-Cart-Shipping_Service/client/src/components/Sizes.jsx">
        <metrics statements="6" coveredstatements="5" conditionals="0" coveredconditionals="0" methods="3" coveredmethods="2"/>
        <line num="5" count="1" type="stmt"/>
        <line num="8" count="4" type="stmt"/>
        <line num="17" count="13" type="stmt"/>
        <line num="19" count="0" type="stmt"/>
        <line num="32" count="1" type="stmt"/>
        <line num="39" count="1" type="stmt"/>
      </file>
    </metrics>
  </project>
</coverage>
