{"/Users/seanghazvini/HRSF105/FEC/Sizing-Cart-Shipping_Service/client/src/components/App.jsx": {"path":"/Users/seanghazvini/HRSF105/FEC/Sizing-Cart-Shipping_Service/client/src/components/App.jsx","statementMap":{"0":{"start":{"line":8,"column":4},"end":{"line":8,"column":17}},"1":{"start":{"line":9,"column":4},"end":{"line":13,"column":6}},"2":{"start":{"line":17,"column":4},"end":{"line":17,"column":20}},"3":{"start":{"line":18,"column":4},"end":{"line":18,"column":26}},"4":{"start":{"line":22,"column":23},"end":{"line":22,"column":33}},"5":{"start":{"line":23,"column":4},"end":{"line":27,"column":9}},"6":{"start":{"line":25,"column":22},"end":{"line":25,"column":35}},"7":{"start":{"line":26,"column":8},"end":{"line":26,"column":33}},"8":{"start":{"line":31,"column":23},"end":{"line":31,"column":33}},"9":{"start":{"line":32,"column":4},"end":{"line":36,"column":9}},"10":{"start":{"line":34,"column":28},"end":{"line":34,"column":41}},"11":{"start":{"line":35,"column":8},"end":{"line":35,"column":39}},"12":{"start":{"line":40,"column":22},"end":{"line":40,"column":32}},"13":{"start":{"line":41,"column":28},"end":{"line":41,"column":38}},"14":{"start":{"line":42,"column":4},"end":{"line":47,"column":6}}},"fnMap":{"0":{"name":"(anonymous_0)","decl":{"start":{"line":7,"column":2},"end":{"line":7,"column":3}},"loc":{"start":{"line":7,"column":21},"end":{"line":14,"column":3}},"line":7},"1":{"name":"(anonymous_1)","decl":{"start":{"line":16,"column":2},"end":{"line":16,"column":3}},"loc":{"start":{"line":16,"column":22},"end":{"line":19,"column":3}},"line":16},"2":{"name":"(anonymous_2)","decl":{"start":{"line":21,"column":2},"end":{"line":21,"column":3}},"loc":{"start":{"line":21,"column":13},"end":{"line":28,"column":3}},"line":21},"3":{"name":"(anonymous_3)","decl":{"start":{"line":24,"column":12},"end":{"line":24,"column":13}},"loc":{"start":{"line":24,"column":26},"end":{"line":27,"column":7}},"line":24},"4":{"name":"(anonymous_4)","decl":{"start":{"line":30,"column":2},"end":{"line":30,"column":3}},"loc":{"start":{"line":30,"column":19},"end":{"line":37,"column":3}},"line":30},"5":{"name":"(anonymous_5)","decl":{"start":{"line":33,"column":12},"end":{"line":33,"column":13}},"loc":{"start":{"line":33,"column":26},"end":{"line":36,"column":7}},"line":33},"6":{"name":"(anonymous_6)","decl":{"start":{"line":39,"column":2},"end":{"line":39,"column":3}},"loc":{"start":{"line":39,"column":11},"end":{"line":48,"column":3}},"line":39}},"branchMap":{},"s":{"0":1,"1":1,"2":1,"3":1,"4":1,"5":1,"6":1,"7":1,"8":1,"9":1,"10":1,"11":1,"12":3,"13":3,"14":3},"f":{"0":1,"1":1,"2":1,"3":1,"4":1,"5":1,"6":3},"b":{},"_coverageSchema":"332fd63041d2c1bcb487cc26dd0d5f7d97098a6c","hash":"cf5bd025c325f140b77a6448a1a9cf6ff6b0066f"}
,"/Users/seanghazvini/HRSF105/FEC/Sizing-Cart-Shipping_Service/client/src/components/Description.jsx": {"path":"/Users/seanghazvini/HRSF105/FEC/Sizing-Cart-Shipping_Service/client/src/components/Description.jsx","statementMap":{"0":{"start":{"line":4,"column":20},"end":{"line":22,"column":1}},"1":{"start":{"line":6,"column":2},"end":{"line":21,"column":8}},"2":{"start":{"line":26,"column":0},"end":{"line":28,"column":2}},"3":{"start":{"line":30,"column":0},"end":{"line":32,"column":2}}},"fnMap":{"0":{"name":"(anonymous_0)","decl":{"start":{"line":4,"column":20},"end":{"line":4,"column":21}},"loc":{"start":{"line":6,"column":2},"end":{"line":21,"column":8}},"line":6}},"branchMap":{},"s":{"0":1,"1":1,"2":1,"3":1},"f":{"0":1},"b":{},"_coverageSchema":"332fd63041d2c1bcb487cc26dd0d5f7d97098a6c","hash":"697e81a960b3d5f557403f47b34f09ee28fef00e"}
,"/Users/seanghazvini/HRSF105/FEC/Sizing-Cart-Shipping_Service/client/src/components/Sizes.jsx": {"path":"/Users/seanghazvini/HRSF105/FEC/Sizing-Cart-Shipping_Service/client/src/components/Sizes.jsx","statementMap":{"0":{"start":{"line":4,"column":14},"end":{"line":8,"column":1}},"1":{"start":{"line":5,"column":2},"end":{"line":7,"column":8}},"2":{"start":{"line":6,"column":28},"end":{"line":6,"column":113}},"3":{"start":{"line":12,"column":0},"end":{"line":14,"column":2}},"4":{"start":{"line":16,"column":0},"end":{"line":18,"column":2}}},"fnMap":{"0":{"name":"(anonymous_0)","decl":{"start":{"line":4,"column":14},"end":{"line":4,"column":15}},"loc":{"start":{"line":5,"column":2},"end":{"line":7,"column":8}},"line":5},"1":{"name":"(anonymous_1)","decl":{"start":{"line":6,"column":15},"end":{"line":6,"column":16}},"loc":{"start":{"line":6,"column":28},"end":{"line":6,"column":113}},"line":6}},"branchMap":{},"s":{"0":1,"1":1,"2":1,"3":1,"4":1},"f":{"0":1,"1":1},"b":{},"_coverageSchema":"332fd63041d2c1bcb487cc26dd0d5f7d97098a6c","hash":"d092ccf9e7d38bff35442307362577f34ae03f28"}
}
