{"/Users/seanghazvini/HRSF105/FEC/Sizing-Cart-Shipping_Service/client/src/components/App.jsx": {"path":"/Users/seanghazvini/HRSF105/FEC/Sizing-Cart-Shipping_Service/client/src/components/App.jsx","statementMap":{"0":{"start":{"line":6,"column":10},"end":{"line":6,"column":27}},"1":{"start":{"line":10,"column":4},"end":{"line":10,"column":17}},"2":{"start":{"line":14,"column":4},"end":{"line":14,"column":17}},"3":{"start":{"line":16,"column":4},"end":{"line":24,"column":6}},"4":{"start":{"line":25,"column":4},"end":{"line":25,"column":49}},"5":{"start":{"line":29,"column":4},"end":{"line":29,"column":20}},"6":{"start":{"line":30,"column":4},"end":{"line":30,"column":26}},"7":{"start":{"line":34,"column":23},"end":{"line":34,"column":33}},"8":{"start":{"line":35,"column":4},"end":{"line":40,"column":9}},"9":{"start":{"line":37,"column":20},"end":{"line":37,"column":33}},"10":{"start":{"line":38,"column":8},"end":{"line":38,"column":43}},"11":{"start":{"line":39,"column":8},"end":{"line":39,"column":33}},"12":{"start":{"line":44,"column":23},"end":{"line":44,"column":33}},"13":{"start":{"line":45,"column":4},"end":{"line":49,"column":9}},"14":{"start":{"line":47,"column":28},"end":{"line":47,"column":41}},"15":{"start":{"line":48,"column":8},"end":{"line":48,"column":39}},"16":{"start":{"line":54,"column":21},"end":{"line":54,"column":31}},"17":{"start":{"line":55,"column":4},"end":{"line":55,"column":29}},"18":{"start":{"line":56,"column":4},"end":{"line":56,"column":28}},"19":{"start":{"line":62,"column":8},"end":{"line":62,"column":18}},"20":{"start":{"line":63,"column":4},"end":{"line":63,"column":33}},"21":{"start":{"line":64,"column":4},"end":{"line":64,"column":45}},"22":{"start":{"line":65,"column":4},"end":{"line":65,"column":41}},"23":{"start":{"line":66,"column":4},"end":{"line":66,"column":46}},"24":{"start":{"line":67,"column":4},"end":{"line":95,"column":6}}},"fnMap":{"0":{"name":"(anonymous_0)","decl":{"start":{"line":9,"column":2},"end":{"line":9,"column":3}},"loc":{"start":{"line":9,"column":25},"end":{"line":11,"column":3}},"line":9},"1":{"name":"(anonymous_1)","decl":{"start":{"line":13,"column":2},"end":{"line":13,"column":3}},"loc":{"start":{"line":13,"column":21},"end":{"line":26,"column":3}},"line":13},"2":{"name":"(anonymous_2)","decl":{"start":{"line":28,"column":2},"end":{"line":28,"column":3}},"loc":{"start":{"line":28,"column":22},"end":{"line":31,"column":3}},"line":28},"3":{"name":"(anonymous_3)","decl":{"start":{"line":33,"column":2},"end":{"line":33,"column":3}},"loc":{"start":{"line":33,"column":13},"end":{"line":41,"column":3}},"line":33},"4":{"name":"(anonymous_4)","decl":{"start":{"line":36,"column":12},"end":{"line":36,"column":13}},"loc":{"start":{"line":36,"column":26},"end":{"line":40,"column":7}},"line":36},"5":{"name":"(anonymous_5)","decl":{"start":{"line":43,"column":2},"end":{"line":43,"column":3}},"loc":{"start":{"line":43,"column":19},"end":{"line":50,"column":3}},"line":43},"6":{"name":"(anonymous_6)","decl":{"start":{"line":46,"column":12},"end":{"line":46,"column":13}},"loc":{"start":{"line":46,"column":26},"end":{"line":49,"column":7}},"line":46},"7":{"name":"(anonymous_7)","decl":{"start":{"line":53,"column":2},"end":{"line":53,"column":3}},"loc":{"start":{"line":53,"column":18},"end":{"line":57,"column":3}},"line":53},"8":{"name":"(anonymous_8)","decl":{"start":{"line":59,"column":2},"end":{"line":59,"column":3}},"loc":{"start":{"line":59,"column":11},"end":{"line":96,"column":3}},"line":59}},"branchMap":{},"s":{"0":1,"1":0,"2":2,"3":2,"4":2,"5":2,"6":2,"7":2,"8":2,"9":2,"10":2,"11":2,"12":2,"13":2,"14":2,"15":2,"16":0,"17":0,"18":0,"19":6,"20":6,"21":6,"22":6,"23":6,"24":6},"f":{"0":0,"1":2,"2":2,"3":2,"4":2,"5":2,"6":2,"7":0,"8":6},"b":{},"_coverageSchema":"332fd63041d2c1bcb487cc26dd0d5f7d97098a6c","hash":"f4487672f21d94e99eaeef64376f73a166a55464"}
,"/Users/seanghazvini/HRSF105/FEC/Sizing-Cart-Shipping_Service/client/src/components/Description.jsx": {"path":"/Users/seanghazvini/HRSF105/FEC/Sizing-Cart-Shipping_Service/client/src/components/Description.jsx","statementMap":{"0":{"start":{"line":5,"column":20},"end":{"line":13,"column":1}},"1":{"start":{"line":6,"column":2},"end":{"line":12,"column":8}},"2":{"start":{"line":17,"column":0},"end":{"line":19,"column":2}},"3":{"start":{"line":21,"column":0},"end":{"line":23,"column":2}}},"fnMap":{"0":{"name":"(anonymous_0)","decl":{"start":{"line":5,"column":20},"end":{"line":5,"column":21}},"loc":{"start":{"line":6,"column":2},"end":{"line":12,"column":8}},"line":6}},"branchMap":{},"s":{"0":1,"1":4,"2":1,"3":1},"f":{"0":4},"b":{},"_coverageSchema":"332fd63041d2c1bcb487cc26dd0d5f7d97098a6c","hash":"f51b1aa3595e5185579a3b9a5ebbb5029b6185cc"}
,"/Users/seanghazvini/HRSF105/FEC/Sizing-Cart-Shipping_Service/client/src/components/Row.jsx": {"path":"/Users/seanghazvini/HRSF105/FEC/Sizing-Cart-Shipping_Service/client/src/components/Row.jsx","statementMap":{"0":{"start":{"line":4,"column":12},"end":{"line":14,"column":1}},"1":{"start":{"line":7,"column":2},"end":{"line":13,"column":8}},"2":{"start":{"line":9,"column":6},"end":{"line":11,"column":12}},"3":{"start":{"line":9,"column":139},"end":{"line":9,"column":148}},"4":{"start":{"line":20,"column":0},"end":{"line":25,"column":2}}},"fnMap":{"0":{"name":"(anonymous_0)","decl":{"start":{"line":4,"column":12},"end":{"line":4,"column":13}},"loc":{"start":{"line":7,"column":2},"end":{"line":13,"column":8}},"line":7},"1":{"name":"(anonymous_1)","decl":{"start":{"line":8,"column":13},"end":{"line":8,"column":14}},"loc":{"start":{"line":9,"column":6},"end":{"line":11,"column":12}},"line":9},"2":{"name":"(anonymous_2)","decl":{"start":{"line":9,"column":132},"end":{"line":9,"column":133}},"loc":{"start":{"line":9,"column":139},"end":{"line":9,"column":148}},"line":9}},"branchMap":{"0":{"loc":{"start":{"line":9,"column":39},"end":{"line":9,"column":71}},"type":"cond-expr","locations":[{"start":{"line":9,"column":57},"end":{"line":9,"column":66}},{"start":{"line":9,"column":69},"end":{"line":9,"column":71}}],"line":9},"1":{"loc":{"start":{"line":9,"column":75},"end":{"line":9,"column":119}},"type":"cond-expr","locations":[{"start":{"line":9,"column":103},"end":{"line":9,"column":114}},{"start":{"line":9,"column":117},"end":{"line":9,"column":119}}],"line":9}},"s":{"0":1,"1":13,"2":54,"3":0,"4":1},"f":{"0":13,"1":54,"2":0},"b":{"0":[0,54],"1":[54,0]},"_coverageSchema":"332fd63041d2c1bcb487cc26dd0d5f7d97098a6c","hash":"703b2d2c9d4999aaf8141d45fe65aa4a3a1d33cb"}
,"/Users/seanghazvini/HRSF105/FEC/Sizing-Cart-Shipping_Service/client/src/components/Sizes.jsx": {"path":"/Users/seanghazvini/HRSF105/FEC/Sizing-Cart-Shipping_Service/client/src/components/Sizes.jsx","statementMap":{"0":{"start":{"line":5,"column":14},"end":{"line":28,"column":1}},"1":{"start":{"line":8,"column":2},"end":{"line":27,"column":8}},"2":{"start":{"line":17,"column":12},"end":{"line":22,"column":14}},"3":{"start":{"line":19,"column":32},"end":{"line":19,"column":57}},"4":{"start":{"line":30,"column":0},"end":{"line":35,"column":2}},"5":{"start":{"line":37,"column":0},"end":{"line":42,"column":2}}},"fnMap":{"0":{"name":"(anonymous_0)","decl":{"start":{"line":5,"column":14},"end":{"line":5,"column":15}},"loc":{"start":{"line":8,"column":2},"end":{"line":27,"column":8}},"line":8},"1":{"name":"(anonymous_1)","decl":{"start":{"line":16,"column":10},"end":{"line":16,"column":11}},"loc":{"start":{"line":17,"column":12},"end":{"line":22,"column":14}},"line":17},"2":{"name":"(anonymous_2)","decl":{"start":{"line":19,"column":22},"end":{"line":19,"column":23}},"loc":{"start":{"line":19,"column":30},"end":{"line":19,"column":59}},"line":19},"3":{"name":"(anonymous_3)","decl":{"start":{"line":41,"column":14},"end":{"line":41,"column":15}},"loc":{"start":{"line":41,"column":20},"end":{"line":41,"column":22}},"line":41}},"branchMap":{},"s":{"0":1,"1":4,"2":12,"3":0,"4":1,"5":1},"f":{"0":4,"1":12,"2":0,"3":0},"b":{},"_coverageSchema":"332fd63041d2c1bcb487cc26dd0d5f7d97098a6c","hash":"6c77f5dd42d2a67a55fdef7f38c83666347bf94e"}
}
