TN:
SF:/Users/seanghazvini/HRSF105/FEC/Sizing-Cart-Shipping_Service/client/src/components/App.jsx
FN:8,(anonymous_0)
FN:12,(anonymous_1)
FN:27,(anonymous_2)
FN:32,(anonymous_3)
FN:35,(anonymous_4)
FN:42,(anonymous_5)
FN:45,(anonymous_6)
FN:52,(anonymous_7)
FN:58,(anonymous_8)
FNF:9
FNH:7
FNDA:0,(anonymous_0)
FNDA:2,(anonymous_1)
FNDA:2,(anonymous_2)
FNDA:2,(anonymous_3)
FNDA:2,(anonymous_4)
FNDA:2,(anonymous_5)
FNDA:2,(anonymous_6)
FNDA:0,(anonymous_7)
FNDA:6,(anonymous_8)
DA:5,1
DA:9,0
DA:13,2
DA:15,2
DA:24,2
DA:28,2
DA:29,2
DA:33,2
DA:34,2
DA:36,2
DA:37,2
DA:38,2
DA:43,2
DA:44,2
DA:46,2
DA:47,2
DA:53,0
DA:54,0
DA:55,0
DA:61,6
DA:63,6
LF:21
LH:17
BRF:0
BRH:0
end_of_record
TN:
SF:/Users/seanghazvini/HRSF105/FEC/Sizing-Cart-Shipping_Service/client/src/components/Row.jsx
FN:4,(anonymous_0)
FN:8,(anonymous_1)
FN:9,(anonymous_2)
FN:28,(anonymous_3)
FNF:4
FNH:2
FNDA:13,(anonymous_0)
FNDA:54,(anonymous_1)
FNDA:0,(anonymous_2)
FNDA:0,(anonymous_3)
DA:4,1
DA:7,13
DA:9,54
DA:17,1
DA:24,1
LF:5
LH:5
BRDA:9,0,0,0
BRDA:9,0,1,54
BRDA:9,1,0,54
BRDA:9,1,1,0
BRF:4
BRH:2
end_of_record
TN:
SF:/Users/seanghazvini/HRSF105/FEC/Sizing-Cart-Shipping_Service/client/src/components/Sizes.jsx
FN:5,(anonymous_0)
FN:16,(anonymous_1)
FN:19,(anonymous_2)
FN:42,(anonymous_3)
FNF:4
FNH:2
FNDA:4,(anonymous_0)
FNDA:12,(anonymous_1)
FNDA:0,(anonymous_2)
FNDA:0,(anonymous_3)
DA:5,1
DA:8,4
DA:17,12
DA:19,0
DA:31,1
DA:38,1
LF:6
LH:5
BRF:0
BRH:0
end_of_record
