TN:
SF:/Users/seanghazvini/HRSF105/FEC/Sizing-Cart-Shipping_Service/client/src/components/App.jsx
FN:9,(anonymous_0)
FN:13,(anonymous_1)
FN:28,(anonymous_2)
FN:33,(anonymous_3)
FN:36,(anonymous_4)
FN:43,(anonymous_5)
FN:46,(anonymous_6)
FN:53,(anonymous_7)
FN:59,(anonymous_8)
FNF:9
FNH:7
FNDA:0,(anonymous_0)
FNDA:2,(anonymous_1)
FNDA:2,(anonymous_2)
FNDA:2,(anonymous_3)
FNDA:2,(anonymous_4)
FNDA:2,(anonymous_5)
FNDA:2,(anonymous_6)
FNDA:0,(anonymous_7)
FNDA:6,(anonymous_8)
DA:6,1
DA:10,0
DA:14,2
DA:16,2
DA:25,2
DA:29,2
DA:30,2
DA:34,2
DA:35,2
DA:37,2
DA:38,2
DA:39,2
DA:44,2
DA:45,2
DA:47,2
DA:48,2
DA:54,0
DA:55,0
DA:56,0
DA:62,6
DA:63,6
DA:64,6
DA:65,6
DA:66,6
DA:67,6
LF:25
LH:21
BRF:0
BRH:0
end_of_record
TN:
SF:/Users/seanghazvini/HRSF105/FEC/Sizing-Cart-Shipping_Service/client/src/components/Description.jsx
FN:5,(anonymous_0)
FNF:1
FNH:1
FNDA:4,(anonymous_0)
DA:5,1
DA:6,4
DA:17,1
LF:3
LH:3
BRF:0
BRH:0
end_of_record
TN:
SF:/Users/seanghazvini/HRSF105/FEC/Sizing-Cart-Shipping_Service/client/src/components/Row.jsx
FN:4,(anonymous_0)
FN:8,(anonymous_1)
FN:9,(anonymous_2)
FNF:3
FNH:2
FNDA:13,(anonymous_0)
FNDA:54,(anonymous_1)
FNDA:0,(anonymous_2)
DA:4,1
DA:7,13
DA:9,54
DA:20,1
LF:4
LH:4
BRDA:9,0,0,0
BRDA:9,0,1,54
BRDA:9,1,0,54
BRDA:9,1,1,0
BRF:4
BRH:2
end_of_record
TN:
SF:/Users/seanghazvini/HRSF105/FEC/Sizing-Cart-Shipping_Service/client/src/components/Sizes.jsx
FN:5,(anonymous_0)
FN:16,(anonymous_1)
FN:19,(anonymous_2)
FNF:3
FNH:2
FNDA:4,(anonymous_0)
FNDA:13,(anonymous_1)
FNDA:0,(anonymous_2)
DA:5,1
DA:8,4
DA:17,13
DA:19,0
DA:32,1
DA:39,1
LF:6
LH:5
BRF:0
BRH:0
end_of_record
